2021-03-08 10:51:54,497 [INFO] Activator:170 - 


2021-03-08 10:51:54,499 [INFO] Activator:171 - !SESSION log4j initialized
2021-03-08 10:51:58,456 [INFO] McuFinderGlobals:40 - Set McuFinder mode to 2 (CubeIDE integrated)
2021-03-08 10:51:58,805 [INFO] ApplicationProperties:181 - Using Application install path: C:\ST\STM32CubeIDE_1.2.0\STM32CubeIDE\plugins\com.st.stm32cube.common.mx_6.1.1.202012091304
2021-03-08 10:51:58,817 [INFO] DbMcusXml:71 - Set database path to: C:\ST\STM32CubeIDE_1.2.0\STM32CubeIDE\plugins\com.st.stm32cube.common.mx_6.1.1.202012091304\\db\/mcu/
2021-03-08 10:51:58,821 [INFO] DbBoardsPdsc:57 - Set plugin database path to: C:\ST\STM32CubeIDE_1.2.0\STM32CubeIDE\plugins\com.st.stm32cube.common.mx_6.1.1.202012091304\\db\/plugins/boardmanager/
2021-03-08 10:51:58,822 [INFO] DbMcus:259 - Set plugin images path to: C:\ST\STM32CubeIDE_1.2.0\STM32CubeIDE\plugins\com.st.stm32cube.common.mx_6.1.1.202012091304\\db\/plugins/mcufinder/images/
2021-03-08 10:51:58,822 [INFO] DbBoards:265 - Set plugin images path to: C:\ST\STM32CubeIDE_1.2.0\STM32CubeIDE\plugins\com.st.stm32cube.common.mx_6.1.1.202012091304\\db\/plugins/mcufinder/images/
2021-03-08 10:51:58,824 [INFO] DbExamples:329 - Set plugin images path to: C:\ST\STM32CubeIDE_1.2.0\STM32CubeIDE\plugins\com.st.stm32cube.common.mx_6.1.1.202012091304\\db\/plugins/mcufinder/images/
2021-03-08 10:51:58,839 [INFO] DbMcusDocs:112 - Set database path to: C:\Users\ADMIN\.stmcufinder\plugins\mcufinder//mcu/
2021-03-08 10:51:58,841 [INFO] DbMcusJson:63 - Set database path to: C:\Users\ADMIN\.stmcufinder\plugins\mcufinder//mcu/
2021-03-08 10:51:58,842 [INFO] DbBoardsDocs:112 - Set database path to: C:\Users\ADMIN\.stmcufinder\plugins\mcufinder//mcu/
2021-03-08 10:51:58,843 [INFO] DbBoardsJson:56 - Set database path to: C:\Users\ADMIN\.stmcufinder\plugins\mcufinder//mcu/
2021-03-08 10:51:58,845 [INFO] CrossReferenceDbSqlite:196 - Set database path to: C:\Users\ADMIN\.stmcufinder\plugins\mcufinder//mcu/cs/
2021-03-08 10:51:58,849 [INFO] DbExamplesSqlite:699 - Set database path to: C:\Users\ADMIN\.stmcufinder\plugins\mcufinder//mcu/
2021-03-08 10:51:58,972 [INFO] RulesReader:52 - Compatibility file has been processed (228 Rules)
2021-03-08 10:51:59,111 [INFO] MicroXplorer:565 - Detected Java Version = 1.8.0_202
2021-03-08 10:51:59,112 [INFO] DbMcusXml:71 - Set database path to: C:\ST\STM32CubeIDE_1.2.0\STM32CubeIDE\plugins\com.st.stm32cube.common.mx_6.1.1.202012091304\\db\/mcu/
2021-03-08 10:51:59,112 [INFO] DbBoardsPdsc:57 - Set plugin database path to: C:\ST\STM32CubeIDE_1.2.0\STM32CubeIDE\plugins\com.st.stm32cube.common.mx_6.1.1.202012091304\\db\/plugins/boardmanager/
2021-03-08 10:51:59,112 [INFO] DbMcus:259 - Set plugin images path to: C:\ST\STM32CubeIDE_1.2.0\STM32CubeIDE\plugins\com.st.stm32cube.common.mx_6.1.1.202012091304\\db\/plugins/mcufinder/images/
2021-03-08 10:51:59,113 [INFO] DbBoards:265 - Set plugin images path to: C:\ST\STM32CubeIDE_1.2.0\STM32CubeIDE\plugins\com.st.stm32cube.common.mx_6.1.1.202012091304\\db\/plugins/mcufinder/images/
2021-03-08 10:51:59,113 [INFO] DbExamples:329 - Set plugin images path to: C:\ST\STM32CubeIDE_1.2.0\STM32CubeIDE\plugins\com.st.stm32cube.common.mx_6.1.1.202012091304\\db\/plugins/mcufinder/images/
2021-03-08 10:51:59,113 [WARN] DbFile:36 - Overriding database path with different value: C:\Users\ADMIN\.stmcufinder\plugins\mcufinder/ => C:\Users\ADMIN\.stmcufinder\plugins\mcufinder
2021-03-08 10:51:59,113 [INFO] DbMcusDocs:112 - Set database path to: C:\Users\ADMIN\.stmcufinder\plugins\mcufinder//mcu/
2021-03-08 10:51:59,113 [WARN] DbFile:36 - Overriding database path with different value: C:\Users\ADMIN\.stmcufinder\plugins\mcufinder/ => C:\Users\ADMIN\.stmcufinder\plugins\mcufinder
2021-03-08 10:51:59,113 [INFO] DbMcusJson:63 - Set database path to: C:\Users\ADMIN\.stmcufinder\plugins\mcufinder//mcu/
2021-03-08 10:51:59,113 [WARN] DbFile:36 - Overriding database path with different value: C:\Users\ADMIN\.stmcufinder\plugins\mcufinder/ => C:\Users\ADMIN\.stmcufinder\plugins\mcufinder
2021-03-08 10:51:59,113 [INFO] DbBoardsDocs:112 - Set database path to: C:\Users\ADMIN\.stmcufinder\plugins\mcufinder//mcu/
2021-03-08 10:51:59,114 [WARN] DbFile:36 - Overriding database path with different value: C:\Users\ADMIN\.stmcufinder\plugins\mcufinder/ => C:\Users\ADMIN\.stmcufinder\plugins\mcufinder
2021-03-08 10:51:59,114 [INFO] DbBoardsJson:56 - Set database path to: C:\Users\ADMIN\.stmcufinder\plugins\mcufinder//mcu/
2021-03-08 10:51:59,114 [WARN] DbFile:36 - Overriding database path with different value: C:\Users\ADMIN\.stmcufinder\plugins\mcufinder/ => C:\Users\ADMIN\.stmcufinder\plugins\mcufinder
2021-03-08 10:51:59,114 [WARN] DbFile:36 - Overriding database path with different value: C:\Users\ADMIN\.stmcufinder\plugins\mcufinder/ => C:\Users\ADMIN\.stmcufinder\plugins\mcufinder
2021-03-08 10:51:59,114 [INFO] CrossReferenceDbSqlite:196 - Set database path to: C:\Users\ADMIN\.stmcufinder\plugins\mcufinder//mcu/cs/
2021-03-08 10:51:59,114 [WARN] DbFile:36 - Overriding database path with different value: C:\Users\ADMIN\.stmcufinder\plugins\mcufinder/ => C:\Users\ADMIN\.stmcufinder\plugins\mcufinder
2021-03-08 10:51:59,114 [INFO] DbExamplesSqlite:699 - Set database path to: C:\Users\ADMIN\.stmcufinder\plugins\mcufinder//mcu/
2021-03-08 10:51:59,201 [INFO] MainPanel:190 - HeapMemory: 268435456
2021-03-08 10:51:59,267 [INFO] DbMcusXml:71 - Set database path to: C:\ST\STM32CubeIDE_1.2.0\STM32CubeIDE\plugins\com.st.stm32cube.common.mx_6.1.1.202012091304\\db\/mcu/
2021-03-08 10:51:59,267 [INFO] DbBoardsPdsc:57 - Set plugin database path to: C:\ST\STM32CubeIDE_1.2.0\STM32CubeIDE\plugins\com.st.stm32cube.common.mx_6.1.1.202012091304\\db\/plugins/boardmanager/
2021-03-08 10:51:59,267 [INFO] DbMcus:259 - Set plugin images path to: C:\ST\STM32CubeIDE_1.2.0\STM32CubeIDE\plugins\com.st.stm32cube.common.mx_6.1.1.202012091304\\db\/plugins/mcufinder/images/
2021-03-08 10:51:59,267 [INFO] DbBoards:265 - Set plugin images path to: C:\ST\STM32CubeIDE_1.2.0\STM32CubeIDE\plugins\com.st.stm32cube.common.mx_6.1.1.202012091304\\db\/plugins/mcufinder/images/
2021-03-08 10:51:59,268 [INFO] DbExamples:329 - Set plugin images path to: C:\ST\STM32CubeIDE_1.2.0\STM32CubeIDE\plugins\com.st.stm32cube.common.mx_6.1.1.202012091304\\db\/plugins/mcufinder/images/
2021-03-08 10:51:59,268 [WARN] DbFile:36 - Overriding database path with different value: C:\Users\ADMIN\.stmcufinder\plugins\mcufinder/ => C:\Users\ADMIN\.stmcufinder\plugins\mcufinder
2021-03-08 10:51:59,268 [INFO] DbMcusDocs:112 - Set database path to: C:\Users\ADMIN\.stmcufinder\plugins\mcufinder//mcu/
2021-03-08 10:51:59,268 [WARN] DbFile:36 - Overriding database path with different value: C:\Users\ADMIN\.stmcufinder\plugins\mcufinder/ => C:\Users\ADMIN\.stmcufinder\plugins\mcufinder
2021-03-08 10:51:59,268 [INFO] DbMcusJson:63 - Set database path to: C:\Users\ADMIN\.stmcufinder\plugins\mcufinder//mcu/
2021-03-08 10:51:59,269 [WARN] DbFile:36 - Overriding database path with different value: C:\Users\ADMIN\.stmcufinder\plugins\mcufinder/ => C:\Users\ADMIN\.stmcufinder\plugins\mcufinder
2021-03-08 10:51:59,269 [INFO] DbBoardsDocs:112 - Set database path to: C:\Users\ADMIN\.stmcufinder\plugins\mcufinder//mcu/
2021-03-08 10:51:59,269 [WARN] DbFile:36 - Overriding database path with different value: C:\Users\ADMIN\.stmcufinder\plugins\mcufinder/ => C:\Users\ADMIN\.stmcufinder\plugins\mcufinder
2021-03-08 10:51:59,269 [INFO] DbBoardsJson:56 - Set database path to: C:\Users\ADMIN\.stmcufinder\plugins\mcufinder//mcu/
2021-03-08 10:51:59,269 [WARN] DbFile:36 - Overriding database path with different value: C:\Users\ADMIN\.stmcufinder\plugins\mcufinder/ => C:\Users\ADMIN\.stmcufinder\plugins\mcufinder
2021-03-08 10:51:59,269 [WARN] DbFile:36 - Overriding database path with different value: C:\Users\ADMIN\.stmcufinder\plugins\mcufinder/ => C:\Users\ADMIN\.stmcufinder\plugins\mcufinder
2021-03-08 10:51:59,269 [INFO] CrossReferenceDbSqlite:196 - Set database path to: C:\Users\ADMIN\.stmcufinder\plugins\mcufinder//mcu/cs/
2021-03-08 10:51:59,269 [WARN] DbFile:36 - Overriding database path with different value: C:\Users\ADMIN\.stmcufinder\plugins\mcufinder/ => C:\Users\ADMIN\.stmcufinder\plugins\mcufinder
2021-03-08 10:51:59,269 [INFO] DbExamplesSqlite:699 - Set database path to: C:\Users\ADMIN\.stmcufinder\plugins\mcufinder//mcu/
2021-03-08 10:51:59,287 [INFO] ApplicationProperties:181 - Using Application install path: C:\ST\STM32CubeIDE_1.2.0\STM32CubeIDE\plugins\com.st.stm32cube.common.mx_6.1.1.202012091304
2021-03-08 10:51:59,288 [INFO] PluginManage:178 - Search for loadable plugins [exclusion list=, ]
2021-03-08 10:51:59,290 [INFO] PluginManage:292 - Check plugin analytics
2021-03-08 10:51:59,420 [INFO] AnalyticsPlugin:225 - Accepted Software Licenses: 
2021-03-08 10:51:59,421 [INFO] AnalyticsPlugin:227 - Accepted CMSIS Pack Licenses: 
2021-03-08 10:51:59,421 [INFO] AnalyticsPlugin:229 - Accepted Firmware Licenses: 
2021-03-08 10:51:59,421 [INFO] PluginManage:342 - Loaded plugin analytics (category:tool,tabindex:-1)
2021-03-08 10:51:59,422 [INFO] PluginManage:292 - Check plugin clock
2021-03-08 10:51:59,441 [INFO] PluginManage:342 - Loaded plugin clock (category:base,tabindex:2)
2021-03-08 10:51:59,441 [INFO] PluginManage:292 - Check plugin ddr
2021-03-08 10:51:59,443 [INFO] PluginManage:342 - Loaded plugin ddr (category:tool,tabindex:6)
2021-03-08 10:51:59,444 [INFO] PluginManage:292 - Check plugin filemanager
2021-03-08 10:51:59,555 [INFO] PluginManage:342 - Loaded plugin filemanager (category:base,tabindex:10)
2021-03-08 10:51:59,556 [INFO] PluginManage:292 - Check plugin ipmanager
2021-03-08 10:51:59,570 [INFO] PluginManage:342 - Loaded plugin ipmanager (category:base,tabindex:5)
2021-03-08 10:51:59,570 [INFO] PluginManage:292 - Check plugin pinoutandconfiguration
2021-03-08 10:51:59,587 [INFO] PluginManage:342 - Loaded plugin pinoutandconfiguration (category:base,tabindex:1)
2021-03-08 10:51:59,587 [INFO] PluginManage:292 - Check plugin pinoutconfig
2021-03-08 10:51:59,619 [INFO] PluginManage:342 - Loaded plugin pinoutconfig (category:base,tabindex:0)
2021-03-08 10:51:59,619 [INFO] PluginManage:292 - Check plugin power
2021-03-08 10:51:59,636 [INFO] PluginManage:342 - Loaded plugin power (category:power,tabindex:4)
2021-03-08 10:51:59,636 [INFO] PluginManage:292 - Check plugin projectmanager
2021-03-08 10:51:59,650 [INFO] PluginManage:342 - Loaded plugin projectmanager (category:projectmanager,tabindex:3)
2021-03-08 10:51:59,650 [INFO] PluginManage:292 - Check plugin thirdparty
2021-03-08 10:51:59,877 [INFO] PluginManage:342 - Loaded plugin thirdparty (category:base,tabindex:-1)
2021-03-08 10:51:59,878 [INFO] PluginManage:292 - Check plugin tools
2021-03-08 10:51:59,878 [WARN] IntegrityCheckThread:59 - waiting for thirdparty lock release [integrity check]
2021-03-08 10:51:59,878 [INFO] IntegrityCheckThread:61 - entering critical section [integrity check]
2021-03-08 10:51:59,879 [INFO] ThirdPartyUpdaterWithRetryManager:56 - Updater plugin not ready yet. [1/15]
2021-03-08 10:51:59,921 [INFO] PluginManage:342 - Loaded plugin tools (category:base,tabindex:7)
2021-03-08 10:51:59,921 [INFO] PluginManage:292 - Check plugin tutovideos
2021-03-08 10:52:00,142 [INFO] PluginManage:342 - Loaded plugin tutovideos (category:base,tabindex:-1)
2021-03-08 10:52:00,143 [INFO] PluginManage:292 - Check plugin updater
2021-03-08 10:52:00,155 [INFO] PluginManage:342 - Loaded plugin updater (category:base,tabindex:12)
2021-03-08 10:52:00,156 [INFO] PluginManage:265 - PluginManage : Loaded plugins [13]
2021-03-08 10:52:00,426 [INFO] PinOutPanel:1434 - setPackage(No Configuration,No Configuration)
2021-03-08 10:52:00,554 [INFO] IPUIPlugin:64 - create IPUIPlugin
2021-03-08 10:52:00,554 [INFO] PluginManager:203 - loadIPPluginJar : add adc
2021-03-08 10:52:00,579 [INFO] IPUIPlugin:64 - create IPUIPlugin
2021-03-08 10:52:00,579 [INFO] PluginManager:203 - loadIPPluginJar : add aes
2021-03-08 10:52:00,612 [INFO] IPUIPlugin:64 - create IPUIPlugin
2021-03-08 10:52:00,613 [INFO] PluginManager:203 - loadIPPluginJar : add can
2021-03-08 10:52:00,636 [INFO] IPUIPlugin:64 - create IPUIPlugin
2021-03-08 10:52:00,636 [INFO] PluginManager:203 - loadIPPluginJar : add comp
2021-03-08 10:52:00,662 [INFO] IPUIPlugin:64 - create IPUIPlugin
2021-03-08 10:52:00,663 [INFO] PluginManager:203 - loadIPPluginJar : add cryp
2021-03-08 10:52:00,689 [INFO] IPUIPlugin:64 - create IPUIPlugin
2021-03-08 10:52:00,690 [INFO] PluginManager:203 - loadIPPluginJar : add dfsdm
2021-03-08 10:52:00,701 [INFO] IPUIPlugin:64 - create IPUIPlugin
2021-03-08 10:52:00,701 [INFO] PluginManager:203 - loadIPPluginJar : add dma
2021-03-08 10:52:00,721 [INFO] IPUIPlugin:64 - create IPUIPlugin
2021-03-08 10:52:00,721 [INFO] PluginManager:203 - loadIPPluginJar : add fatfs
2021-03-08 10:52:00,762 [INFO] IPUIPlugin:64 - create IPUIPlugin
2021-03-08 10:52:00,762 [INFO] PluginManager:203 - loadIPPluginJar : add fmc
2021-03-08 10:52:00,775 [INFO] IPUIPlugin:64 - create IPUIPlugin
2021-03-08 10:52:00,775 [INFO] PluginManager:203 - loadIPPluginJar : add freertos
2021-03-08 10:52:00,794 [INFO] IPUIPlugin:64 - create IPUIPlugin
2021-03-08 10:52:00,794 [INFO] PluginManager:203 - loadIPPluginJar : add genericplugin
2021-03-08 10:52:00,858 [INFO] IPUIPlugin:64 - create IPUIPlugin
2021-03-08 10:52:00,859 [INFO] PluginManager:203 - loadIPPluginJar : add gfxmmu
2021-03-08 10:52:00,941 [INFO] IPUIPlugin:64 - create IPUIPlugin
2021-03-08 10:52:00,942 [INFO] PluginManager:203 - loadIPPluginJar : add gic
2021-03-08 10:52:00,952 [INFO] IPUIPlugin:64 - create IPUIPlugin
2021-03-08 10:52:00,952 [INFO] PluginManager:203 - loadIPPluginJar : add gpio
2021-03-08 10:52:00,999 [INFO] IPUIPlugin:64 - create IPUIPlugin
2021-03-08 10:52:01,000 [INFO] PluginManager:203 - loadIPPluginJar : add gtzc
2021-03-08 10:52:01,024 [INFO] IPUIPlugin:64 - create IPUIPlugin
2021-03-08 10:52:01,024 [INFO] PluginManager:203 - loadIPPluginJar : add hash
2021-03-08 10:52:01,071 [INFO] IPUIPlugin:64 - create IPUIPlugin
2021-03-08 10:52:01,072 [INFO] PluginManager:203 - loadIPPluginJar : add i2c
2021-03-08 10:52:01,110 [INFO] IPUIPlugin:64 - create IPUIPlugin
2021-03-08 10:52:01,110 [INFO] PluginManager:203 - loadIPPluginJar : add i2s
2021-03-08 10:52:01,120 [INFO] IPUIPlugin:64 - create IPUIPlugin
2021-03-08 10:52:01,120 [INFO] PluginManager:203 - loadIPPluginJar : add ipddr
2021-03-08 10:52:01,152 [INFO] IPUIPlugin:64 - create IPUIPlugin
2021-03-08 10:52:01,152 [INFO] PluginManager:203 - loadIPPluginJar : add lorawan
2021-03-08 10:52:01,187 [INFO] IPUIPlugin:64 - create IPUIPlugin
2021-03-08 10:52:01,188 [INFO] PluginManager:203 - loadIPPluginJar : add ltdc
2021-03-08 10:52:01,198 [INFO] IPUIPlugin:64 - create IPUIPlugin
2021-03-08 10:52:01,199 [INFO] PluginManager:203 - loadIPPluginJar : add mdma
2021-03-08 10:52:01,210 [INFO] IPUIPlugin:64 - create IPUIPlugin
2021-03-08 10:52:01,210 [INFO] PluginManager:203 - loadIPPluginJar : add nvic
2021-03-08 10:52:01,237 [INFO] IPUIPlugin:64 - create IPUIPlugin
2021-03-08 10:52:01,238 [INFO] PluginManager:203 - loadIPPluginJar : add opamp
2021-03-08 10:52:01,282 [INFO] IPUIPlugin:64 - create IPUIPlugin
2021-03-08 10:52:01,283 [INFO] PluginManager:203 - loadIPPluginJar : add openamp
2021-03-08 10:52:01,314 [INFO] IPUIPlugin:64 - create IPUIPlugin
2021-03-08 10:52:01,314 [INFO] PluginManager:203 - loadIPPluginJar : add pdm2pcm
2021-03-08 10:52:01,326 [INFO] IPUIPlugin:64 - create IPUIPlugin
2021-03-08 10:52:01,328 [INFO] PluginManager:203 - loadIPPluginJar : add plateformsettings
2021-03-08 10:52:01,349 [INFO] IPUIPlugin:64 - create IPUIPlugin
2021-03-08 10:52:01,349 [INFO] PluginManager:203 - loadIPPluginJar : add quadspi
2021-03-08 10:52:01,359 [INFO] IPUIPlugin:64 - create IPUIPlugin
2021-03-08 10:52:01,359 [INFO] PluginManager:203 - loadIPPluginJar : add resmgrutility
2021-03-08 10:52:01,398 [INFO] IPUIPlugin:64 - create IPUIPlugin
2021-03-08 10:52:01,398 [INFO] PluginManager:203 - loadIPPluginJar : add sai
2021-03-08 10:52:01,427 [INFO] IPUIPlugin:64 - create IPUIPlugin
2021-03-08 10:52:01,427 [INFO] PluginManager:203 - loadIPPluginJar : add spi
2021-03-08 10:52:01,465 [INFO] IPUIPlugin:64 - create IPUIPlugin
2021-03-08 10:52:01,465 [INFO] PluginManager:203 - loadIPPluginJar : add stm32_wpan
2021-03-08 10:52:01,486 [INFO] IPUIPlugin:64 - create IPUIPlugin
2021-03-08 10:52:01,486 [INFO] PluginManager:203 - loadIPPluginJar : add tim
2021-03-08 10:52:01,530 [INFO] IPUIPlugin:64 - create IPUIPlugin
2021-03-08 10:52:01,530 [INFO] PluginManager:203 - loadIPPluginJar : add touchsensing
2021-03-08 10:52:01,552 [INFO] IPUIPlugin:64 - create IPUIPlugin
2021-03-08 10:52:01,552 [INFO] PluginManager:203 - loadIPPluginJar : add tracer_emb
2021-03-08 10:52:01,576 [INFO] IPUIPlugin:64 - create IPUIPlugin
2021-03-08 10:52:01,577 [INFO] PluginManager:203 - loadIPPluginJar : add ts
2021-03-08 10:52:01,601 [INFO] IPUIPlugin:64 - create IPUIPlugin
2021-03-08 10:52:01,601 [INFO] PluginManager:203 - loadIPPluginJar : add tsc
2021-03-08 10:52:01,623 [INFO] IPUIPlugin:64 - create IPUIPlugin
2021-03-08 10:52:01,623 [INFO] PluginManager:203 - loadIPPluginJar : add ucpd
2021-03-08 10:52:01,661 [INFO] IPUIPlugin:64 - create IPUIPlugin
2021-03-08 10:52:01,661 [INFO] PluginManager:203 - loadIPPluginJar : add usart
2021-03-08 10:52:01,944 [FATAL] Updater:284 - Updater called before beeing initialized
2021-03-08 10:52:02,061 [FATAL] Updater:284 - Updater called before beeing initialized
2021-03-08 10:52:02,100 [WARN] DetailPanel:347 - Failed to get advertising image, set to default
2021-03-08 10:52:02,103 [FATAL] Updater:284 - Updater called before beeing initialized
2021-03-08 10:52:02,103 [WARN] DetailPanel:347 - Failed to get advertising image, set to default
2021-03-08 10:52:02,148 [FATAL] Updater:284 - Updater called before beeing initialized
2021-03-08 10:52:02,148 [WARN] ThirdParty:783 - waiting for thirdparty lock release [close project]
2021-03-08 10:52:02,882 [INFO] ThirdPartyUpdaterWithRetryManager:56 - Updater plugin not ready yet. [2/15]
2021-03-08 10:52:05,897 [FATAL] Updater:284 - Updater called before beeing initialized
2021-03-08 10:52:05,897 [ERROR] AbstractThirdPartyUpdaterManager:153 - java.lang.Integer cannot be cast to java.util.List
2021-03-08 10:52:05,897 [INFO] ThirdParty:887 - Integrity check success = false
2021-03-08 10:52:05,898 [INFO] IntegrityCheckThread:75 - exiting critical section [integrity check]
2021-03-08 10:52:05,898 [INFO] IntegrityCheckThread:78 - End integrity checks thread
2021-03-08 10:52:05,898 [INFO] ThirdParty:785 - entering critical section [close project]
2021-03-08 10:52:05,899 [INFO] ThirdParty:796 - exiting critical section [close project]
2021-03-08 10:52:05,900 [INFO] PinOutPanel:1434 - setPackage(No Configuration,No Configuration)
2021-03-08 10:52:05,901 [FATAL] Updater:284 - Updater called before beeing initialized
2021-03-08 10:52:05,912 [ERROR] Updater:1065 - MainUpdater not yet initialized. External WinMGr cannot be set.
2021-03-08 10:52:05,920 [INFO] Updater:1002 - Updater Version found : 6.1.1
2021-03-08 10:52:05,936 [INFO] ApplicationProperties:181 - Using Application install path: C:\ST\STM32CubeIDE_1.2.0\STM32CubeIDE\plugins\com.st.stm32cube.common.mx_6.1.1.202012091304
2021-03-08 10:52:06,250 [INFO] MainUpdater:2644 - connection check result : 10
2021-03-08 10:52:06,251 [INFO] MainUpdater:249 - Updater Check For Update Now.
2021-03-08 10:52:06,251 [INFO] MicroXplorer:415 - Change Database Version : DB.6.0.10
2021-03-08 10:52:06,297 [INFO] CheckServerUpdateThread:102 - End of CheckServer Thread
2021-03-08 10:52:06,379 [INFO] MainUpdater:2644 - connection check result : 10
2021-03-08 10:52:06,872 [INFO] CrossSelectorPresenter:1330 - Cross Selector saved comparison directory: C:\Users\ADMIN\.stmcufinder\plugins\mcufinder\mcu\cs_comparisons_mx
2021-03-08 10:52:06,876 [INFO] MultiScanPanel:198 - Auto-refresh data requested => check proxy status ongoing
2021-03-08 10:52:06,879 [INFO] FinderPluginLoader:87 - Searching for filters in installed packs
2021-03-08 10:52:06,881 [INFO] DbMcusXml:97 - Load MCU database from C:\ST\STM32CubeIDE_1.2.0\STM32CubeIDE\plugins\com.st.stm32cube.common.mx_6.1.1.202012091304\\db\/mcu/families.xml
2021-03-08 10:52:07,504 [INFO] DbMcusJson:92 - JSON generation date=Mon Feb 08 20:35:07 ICT 2021 (1612791307)
2021-03-08 10:52:08,072 [INFO] DbMcus:176 - Found 1835 MCUs (1796 are supported by CubeMX, 1804 are visible in CubeMX)
2021-03-08 10:52:08,073 [INFO] ApiDb:238 - Load user favorites file C:\Users\ADMIN/.stm32cubeide/favorites.mcus.txt: 0 item(s)
2021-03-08 10:52:08,073 [INFO] ApiDb:242 - User favorites MCUs=[]
2021-03-08 10:52:08,073 [INFO] DbMcus:188 - Set 0 / 0 favorites MCUs
2021-03-08 10:52:08,427 [INFO] DetailPanel:344 - Set advertising image to C:/Users/ADMIN/STM32Cube/Repository/\stm32cubemx-promo_image.jpg
2021-03-08 10:52:08,679 [INFO] McuFilterPanel:245 - Update 0 favorites MCUs
2021-03-08 10:52:08,764 [INFO] DbBoardsPdsc:91 - Found 24 items
2021-03-08 10:52:08,772 [INFO] DbBoardsPdsc:91 - Found 9 items
2021-03-08 10:52:08,782 [INFO] DbBoardsPdsc:91 - Found 32 items
2021-03-08 10:52:08,790 [INFO] DbBoardsPdsc:91 - Found 1 items
2021-03-08 10:52:08,802 [INFO] DbBoardsPdsc:91 - Found 45 items
2021-03-08 10:52:08,815 [INFO] DbBoardsPdsc:91 - Found 41 items
2021-03-08 10:52:08,824 [INFO] DbBoardsPdsc:91 - Found 2 items
2021-03-08 10:52:08,832 [INFO] DbBoardsPdsc:91 - Found 4 items
2021-03-08 10:52:08,836 [WARN] DbBoardsPdsc:255 - Board STM32H7B3I-DK: unknown feature type=Audio, name=, username=Audio stereo codec with Headphone Amp (CS42L51-CNZ), n=1
2021-03-08 10:52:08,836 [WARN] DbBoardsPdsc:255 - Board STM32H735G-DK: unknown feature type=Audio, name=, username=Audio stereo codec with Headphone Amp (WM8994ECS/R), n=1
2021-03-08 10:52:08,838 [WARN] DbBoardsPdsc:255 - Board STM32H7B3I-EVAL: unknown feature type=Audio, name=, username=Multi-Channel Audio Codec (CS42L51-CNZ), n=1
2021-03-08 10:52:08,838 [WARN] DbBoardsPdsc:255 - Board STM32H7B3I-EVAL: unknown feature type=Meter, name=, username=Power-metering and Temperature-monitoring with sigma-delta modulators, n=1
2021-03-08 10:52:08,838 [WARN] DbBoardsPdsc:255 - Board STM32H7B3I-EVAL: unknown feature type=Motor, name=, username=Motor Control, n=1
2021-03-08 10:52:08,856 [INFO] DbBoardsJson:85 - JSON generation date=Thu Feb 04 23:53:45 ICT 2021 (1612457625)
2021-03-08 10:52:08,859 [INFO] DbBoards:118 - Found 160 boards (155 are supported by CubeMX)
2021-03-08 10:52:08,873 [INFO] DbBoardsDocs:145 - JSON generation date=Mon Feb 08 20:35:07 ICT 2021 (1612791307)
2021-03-08 10:52:08,893 [INFO] DbBoardsDocs:81 - Found 193 boards documents
2021-03-08 10:52:08,894 [WARN] DbBoards:128 - board B-L462E-CELL1 has no document id list !
2021-03-08 10:52:08,894 [WARN] DbBoards:128 - board B-L475E-IOT01A2 has no document id list !
2021-03-08 10:52:08,894 [WARN] DbBoards:128 - board NUCLEO-G0B1RE has no document id list !
2021-03-08 10:52:08,894 [WARN] DbBoards:128 - board NUCLEO-H743ZI2 has no document id list !
2021-03-08 10:52:08,895 [WARN] DbBoards:128 - board NUCLEO-L4A6ZG has no document id list !
2021-03-08 10:52:08,895 [WARN] DbBoards:128 - board NUCLEO-WB55RG has no document id list !
2021-03-08 10:52:08,895 [WARN] DbBoards:128 - board NUCLEO-WL55JC1 has no document id list !
2021-03-08 10:52:08,895 [WARN] DbBoards:128 - board NUCLEO-WL55JC2 has no document id list !
2021-03-08 10:52:08,895 [WARN] DbBoards:128 - board P-NUCLEO-WB55-Nucleo has no document id list !
2021-03-08 10:52:08,895 [WARN] DbBoards:128 - board P-NUCLEO-WB55-USBDongle has no document id list !
2021-03-08 10:52:08,895 [WARN] DbBoards:128 - board STEVAL-BFA001V1B has no document id list !
2021-03-08 10:52:08,896 [WARN] DbBoards:128 - board STEVAL-BFA001V2B has no document id list !
2021-03-08 10:52:08,896 [WARN] DbBoards:128 - board STEVAL-IDP005V1 has no document id list !
2021-03-08 10:52:08,896 [WARN] DbBoards:128 - board STEVAL-IDP005V2 has no document id list !
2021-03-08 10:52:08,896 [WARN] DbBoards:128 - board STEVAL-MKSBOX1V1 has no document id list !
2021-03-08 10:52:08,896 [WARN] DbBoards:128 - board STEVAL-STWINKT1 has no document id list !
2021-03-08 10:52:08,896 [WARN] DbBoards:128 - board STEVAL-STWINKT1B has no document id list !
2021-03-08 10:52:08,896 [WARN] DbBoards:128 - board STM32F401C-DISCO has no document id list !
2021-03-08 10:52:08,897 [WARN] DbBoards:128 - board STM32F769I-DISC1 has no document id list !
2021-03-08 10:52:08,897 [WARN] DbBoards:128 - board STM32G0C1E-EV has no document id list !
2021-03-08 10:52:08,897 [WARN] DbBoards:128 - board STM32G474E-EVAL1 has no document id list !
2021-03-08 10:52:08,897 [WARN] DbBoards:128 - board STM32H743I-EVAL2 has no document id list !
2021-03-08 10:52:08,897 [WARN] DbBoards:128 - board STM32H747I-DISC1 has no document id list !
2021-03-08 10:52:08,897 [WARN] DbBoards:128 - board STM32H753I-EVAL2 has no document id list !
2021-03-08 10:52:08,897 [WARN] DbBoards:128 - board STM32L-DISCOVERY has no document id list !
2021-03-08 10:52:08,898 [WARN] DbBoards:128 - board STM32MP157A-DK1 has no document id list !
2021-03-08 10:52:08,898 [WARN] DbBoards:128 - board STM32MP157F-DK2 has no document id list !
2021-03-08 10:52:08,898 [WARN] DbBoards:128 - board STM32MP157F-EV1 has no document id list !
2021-03-08 10:52:09,188 [ERROR] DbBoards:190 - Image file not found for board NUCLEO-WL55JC: C:\ST\STM32CubeIDE_1.2.0\STM32CubeIDE\plugins\com.st.stm32cube.common.mx_6.1.1.202012091304\\db\/plugins/mcufinder/images/boards/nucleo-wl55jc-small.jpg
2021-03-08 10:52:09,355 [ERROR] DbBoards:190 - Image file not found for board STEVAL-STWINKT1B: C:\ST\STM32CubeIDE_1.2.0\STM32CubeIDE\plugins\com.st.stm32cube.common.mx_6.1.1.202012091304\\db\/plugins/mcufinder/images/boards/steval-stwinkt1b_small.jpg
2021-03-08 10:52:09,717 [ERROR] DbBoards:190 - Image file not found for board STM32H7B3I-EVAL: C:\ST\STM32CubeIDE_1.2.0\STM32CubeIDE\plugins\com.st.stm32cube.common.mx_6.1.1.202012091304\\db\/plugins/mcufinder/images/boards/stm32h7b3ieval_small.jpg
2021-03-08 10:52:09,894 [INFO] ApiDb:238 - Load user favorites file C:\Users\ADMIN/.stm32cubeide/favorites.boards.txt: 0 item(s)
2021-03-08 10:52:09,894 [INFO] ApiDb:242 - User favorites Boards=[]
2021-03-08 10:52:09,894 [INFO] DbBoards:207 - Set 0 / 0 favorites Boards
2021-03-08 10:52:24,986 [INFO] RetryExec:97 - I/O exception (org.apache.http.NoHttpResponseException) caught when processing request to {}->http://sw-center.st.com:80: The target server failed to respond
2021-03-08 10:52:24,987 [INFO] RetryExec:113 - Retrying request to {}->http://sw-center.st.com:80
2021-03-08 10:52:31,082 [INFO] RetryExec:97 - I/O exception (org.apache.http.NoHttpResponseException) caught when processing request to {}->http://sw-center.st.com:80: The target server failed to respond
2021-03-08 10:52:31,083 [INFO] RetryExec:113 - Retrying request to {}->http://sw-center.st.com:80
2021-03-08 10:52:48,348 [INFO] DbMcusDocs:145 - JSON generation date=Mon Feb 08 20:35:07 ICT 2021 (1612791307)
2021-03-08 10:52:48,481 [INFO] DbMcusDocs:81 - Found 617 MCUs documents
2021-03-08 10:53:06,127 [INFO] MainUpdater:2644 - connection check result : 10
2021-03-08 10:53:06,128 [INFO] MainUpdater:2644 - connection check result : 10
2021-03-08 10:53:06,167 [INFO] MicroXplorer:385 - Change Database Path : 
2021-03-08 10:53:06,168 [INFO] MicroXplorer:415 - Change Database Version : DB.6.0.10
2021-03-08 10:53:06,168 [WARN] ThirdParty:783 - waiting for thirdparty lock release [close project]
2021-03-08 10:53:06,168 [INFO] ThirdParty:785 - entering critical section [close project]
2021-03-08 10:53:06,169 [INFO] ThirdParty:796 - exiting critical section [close project]
2021-03-08 10:53:06,173 [INFO] PinOutPanel:1434 - setPackage(No Configuration,No Configuration)
2021-03-08 10:53:06,174 [INFO] UtilMem:74 - Begin LoadConfig() Used Memory: 333775752 Bytes (508559360)
2021-03-08 10:53:06,175 [INFO] MicroXplorer:385 - Change Database Path : 
2021-03-08 10:53:06,175 [INFO] MicroXplorer:415 - Change Database Version : DB.6.0.10
2021-03-08 10:53:06,176 [INFO] OpenFileManager:274 - Change cursor
2021-03-08 10:53:06,177 [WARN] ThirdParty:204 - Use empty third party IP manager
2021-03-08 10:53:06,204 [WARN] IntegrityCheckThread:59 - waiting for thirdparty lock release [integrity check]
2021-03-08 10:53:06,204 [INFO] IntegrityCheckThread:61 - entering critical section [integrity check]
2021-03-08 10:53:06,876 [INFO] ThirdParty:887 - Integrity check success = true
2021-03-08 10:53:06,876 [INFO] IntegrityCheckThread:75 - exiting critical section [integrity check]
2021-03-08 10:53:06,877 [INFO] IntegrityCheckThread:78 - End integrity checks thread
2021-03-08 10:53:08,907 [INFO] ImportTextPane:162 - (OptionalMessage_ERROR) Unable to find key (Mcu.ThirdPartyNb) in loaded IOC file
2021-03-08 10:53:08,907 [INFO] ImportTextPane:162 - (OptionalMessage_ERROR) Unable to find key (Mcu.PinsNb) in loaded IOC file
2021-03-08 10:53:08,907 [INFO] ImportTextPane:162 - (OptionalMessage_ERROR) Unable to find key (Mcu.IPNb) in loaded IOC file
2021-03-08 10:53:08,952 [WARN] ApiManager:294 - Cannot register API 'Board Extension:S2868A1' from pack STMicroelectronics.X-CUBE-SFXS2LP1.3.0.0: no header file found
2021-03-08 10:53:08,953 [WARN] ApiManager:294 - Cannot register API 'Board Extension:S2868A2' from pack STMicroelectronics.X-CUBE-SFXS2LP1.3.0.0: no header file found
2021-03-08 10:53:08,953 [WARN] ApiManager:294 - Cannot register API 'Board Extension:S2915A1' from pack STMicroelectronics.X-CUBE-SFXS2LP1.3.0.0: no header file found
2021-03-08 10:53:08,956 [WARN] ModelIntegratedComponent:51 - No mode defined for component null
2021-03-08 10:53:08,956 [WARN] ModelIntegratedComponent:51 - No mode defined for component null
2021-03-08 10:53:08,956 [WARN] ModelIntegratedComponent:51 - No mode defined for component null
2021-03-08 10:53:08,956 [WARN] ModelIntegratedComponent:51 - No mode defined for component null
2021-03-08 10:53:08,956 [WARN] ModelIntegratedComponent:51 - No mode defined for component null
2021-03-08 10:53:08,956 [WARN] ModelIntegratedComponent:51 - No mode defined for component null
2021-03-08 10:53:08,956 [WARN] ModelIntegratedComponent:51 - No mode defined for component null
2021-03-08 10:53:08,956 [WARN] ModelIntegratedComponent:51 - No mode defined for component null
2021-03-08 10:53:08,956 [WARN] ModelIntegratedComponent:51 - No mode defined for component null
2021-03-08 10:53:08,957 [WARN] ModelIntegratedComponent:51 - No mode defined for component null
2021-03-08 10:53:08,957 [WARN] ModelIntegratedComponent:51 - No mode defined for component null
2021-03-08 10:53:08,957 [WARN] ModelIntegratedComponent:51 - No mode defined for component null
2021-03-08 10:53:08,957 [WARN] ModelIntegratedComponent:51 - No mode defined for component null
2021-03-08 10:53:08,957 [WARN] ModelIntegratedComponent:51 - No mode defined for component null
2021-03-08 10:53:08,957 [WARN] ModelIntegratedComponent:51 - No mode defined for component null
2021-03-08 10:53:08,957 [WARN] ModelIntegratedComponent:51 - No mode defined for component null
2021-03-08 10:53:08,957 [WARN] ModelIntegratedComponent:51 - No mode defined for component null
2021-03-08 10:53:08,957 [WARN] ModelIntegratedComponent:51 - No mode defined for component null
2021-03-08 10:53:08,957 [WARN] ModelIntegratedComponent:51 - No mode defined for component null
2021-03-08 10:53:08,957 [WARN] ModelIntegratedComponent:51 - No mode defined for component null
2021-03-08 10:53:08,957 [WARN] ModelIntegratedComponent:51 - No mode defined for component null
2021-03-08 10:53:08,958 [WARN] ModelIntegratedComponent:51 - No mode defined for component null
2021-03-08 10:53:08,958 [WARN] ModelIntegratedComponent:51 - No mode defined for component null
2021-03-08 10:53:08,958 [WARN] ModelIntegratedComponent:51 - No mode defined for component null
2021-03-08 10:53:08,958 [WARN] ModelIntegratedComponent:51 - No mode defined for component null
2021-03-08 10:53:08,958 [WARN] ModelIntegratedComponent:51 - No mode defined for component null
2021-03-08 10:53:08,958 [WARN] ModelIntegratedComponent:51 - No mode defined for component null
2021-03-08 10:53:08,958 [WARN] ModelIntegratedComponent:51 - No mode defined for component null
2021-03-08 10:53:08,958 [WARN] ModelIntegratedComponent:51 - No mode defined for component null
2021-03-08 10:53:08,958 [WARN] ModelIntegratedComponent:51 - No mode defined for component null
2021-03-08 10:53:08,958 [WARN] ModelIntegratedComponent:51 - No mode defined for component null
2021-03-08 10:53:08,958 [WARN] ModelIntegratedComponent:51 - No mode defined for component null
2021-03-08 10:53:08,959 [WARN] ModelIntegratedComponent:51 - No mode defined for component null
2021-03-08 10:53:08,959 [WARN] ModelIntegratedComponent:51 - No mode defined for component null
2021-03-08 10:53:08,959 [WARN] ModelIntegratedComponent:51 - No mode defined for component null
2021-03-08 10:53:08,959 [WARN] ModelIntegratedComponent:51 - No mode defined for component null
2021-03-08 10:53:08,959 [WARN] ModelIntegratedComponent:51 - No mode defined for component null
2021-03-08 10:53:08,959 [WARN] ModelIntegratedComponent:51 - No mode defined for component null
2021-03-08 10:53:08,963 [WARN] ApiManager:294 - Cannot register API 'Board Extension:S2868A1' from pack STMicroelectronics.X-CUBE-SUBG2.4.0.0: no header file found
2021-03-08 10:53:08,963 [WARN] ApiManager:294 - Cannot register API 'Board Extension:S2868A2' from pack STMicroelectronics.X-CUBE-SUBG2.4.0.0: no header file found
2021-03-08 10:53:08,963 [WARN] ApiManager:294 - Cannot register API 'Board Extension:S2915A1' from pack STMicroelectronics.X-CUBE-SUBG2.4.0.0: no header file found
2021-03-08 10:53:09,095 [WARN] ApiManager:294 - Cannot register API 'Board Extension:IKS01A3' from pack STMicroelectronics.X-CUBE-MEMS1.8.2.0: no header file found
2021-03-08 10:53:09,095 [WARN] ApiManager:294 - Cannot register API 'Board Extension:IKS01A2' from pack STMicroelectronics.X-CUBE-MEMS1.8.2.0: no header file found
2021-03-08 10:53:09,095 [WARN] ApiManager:294 - Cannot register API 'Board Extension:IKS02A1' from pack STMicroelectronics.X-CUBE-MEMS1.8.2.0: no header file found
2021-03-08 10:53:09,101 [WARN] ApiManager:294 - Cannot register API 'Board Extension:EEPRMA1' from pack STMicroelectronics.X-CUBE-EEPRMA1.3.0.0: no header file found
2021-03-08 10:53:09,101 [WARN] ApiManager:294 - Cannot register API 'Board Extension:EEPRMA2' from pack STMicroelectronics.X-CUBE-EEPRMA1.3.0.0: no header file found
2021-03-08 10:53:09,103 [INFO] RtosManager:464 - Registered RTOS mode: class=CMSIS, group=RTOS, mode=CMSIS_V1, owner=FREERTOS
2021-03-08 10:53:09,103 [INFO] RtosManager:464 - Registered RTOS mode: class=CMSIS, group=RTOS2, mode=CMSIS_V2, owner=FREERTOS
2021-03-08 10:53:09,103 [INFO] RtosManager:464 - Registered RTOS mode: class=RTOS, group=Core, mode=CMSIS_V1, owner=FREERTOS
2021-03-08 10:53:09,103 [INFO] RtosManager:464 - Registered RTOS mode: class=RTOS, group=Core, mode=CMSIS_V2, owner=FREERTOS
2021-03-08 10:53:09,103 [WARN] ModelIntegratedComponent:182 - Missing modes for component STMicroelectronics:FreeRTOS:0.0.1:STMicroelectronics:RTOS:FreeRTOS:Core:::10.2.0:
2021-03-08 10:53:09,104 [WARN] ApiManager:294 - Cannot register API 'Board Extension:GNSS1A1' from pack STMicroelectronics.X-CUBE-GNSS1.5.2.0: no header file found
2021-03-08 10:53:09,104 [WARN] ApiManager:294 - Cannot register API 'Board Support:Custom' from pack STMicroelectronics.X-CUBE-GNSS1.5.2.0: no header file found
2021-03-08 10:53:09,105 [WARN] ApiManager:294 - Cannot register API 'Data Exchange:lib_gnss' from pack STMicroelectronics.X-CUBE-GNSS1.5.2.0: no header file found
2021-03-08 10:53:09,105 [WARN] ApiManager:294 - Cannot register API 'Wireless:BlueNRG-MS' from pack STMicroelectronics.X-CUBE-BLE1.6.1.0: no header file found
2021-03-08 10:53:09,106 [WARN] ApiManager:294 - Cannot register API 'Board Extension:NFC04A1' from pack STMicroelectronics.X-CUBE-NFC4.2.0.2: no header file found
2021-03-08 10:53:09,106 [WARN] ApiManager:294 - Cannot register API 'Wireless:BlueNRG-2' from pack STMicroelectronics.X-CUBE-BLE2.3.2.0: no header file found
2021-03-08 10:53:09,628 [INFO] UtilMem:74 - End LoadConfig() Used Memory: 398526160 Bytes (508559360)
2021-03-08 10:53:09,637 [WARN] ThirdParty:749 - waiting for thirdparty lock release [change project]
2021-03-08 10:53:09,637 [INFO] ThirdParty:751 - entering critical section [change project]
2021-03-08 10:53:09,637 [INFO] ThirdParty:939 - CMSIS Pack Vendor :RoweBots I-CUBE-UNISONRTOS 5.5.0-4
2021-03-08 10:53:09,637 [INFO] ThirdParty:939 - CMSIS Pack Vendor :STMicroelectronics X-CUBE-SFXS2LP1 3.0.0
2021-03-08 10:53:09,637 [INFO] ThirdParty:939 - CMSIS Pack Vendor :STMicroelectronics USB_HOST 2.0.0
2021-03-08 10:53:09,637 [INFO] ThirdParty:939 - CMSIS Pack Vendor :STMicroelectronics USB_DEVICE 3.0.0
2021-03-08 10:53:09,637 [INFO] ThirdParty:939 - CMSIS Pack Vendor :STMicroelectronics HAL Drivers 0.0.0
2021-03-08 10:53:09,638 [INFO] ThirdParty:939 - CMSIS Pack Vendor :STMicroelectronics MBEDTLS 2.16.2
2021-03-08 10:53:09,638 [INFO] ThirdParty:939 - CMSIS Pack Vendor :STMicroelectronics MBEDTLS 2.14.1
2021-03-08 10:53:09,638 [INFO] ThirdParty:939 - CMSIS Pack Vendor :STMicroelectronics X-CUBE-BLE1 4.2.0
2021-03-08 10:53:09,638 [INFO] ThirdParty:939 - CMSIS Pack Vendor :STMicroelectronics X-CUBE-SUBG2 4.0.0
2021-03-08 10:53:09,638 [INFO] ThirdParty:939 - CMSIS Pack Vendor :STMicroelectronics X-CUBE-AZRTOS-H7 1.0.0
2021-03-08 10:53:09,638 [INFO] ThirdParty:939 - CMSIS Pack Vendor :STMicroelectronics USB_DEVICE 2.0.0
2021-03-08 10:53:09,638 [INFO] ThirdParty:939 - CMSIS Pack Vendor :STMicroelectronics X-CUBE-MEMS1 8.2.0
2021-03-08 10:53:09,638 [INFO] ThirdParty:939 - CMSIS Pack Vendor :STMicroelectronics X-CUBE-EEPRMA1 3.0.0
2021-03-08 10:53:09,638 [INFO] ThirdParty:939 - CMSIS Pack Vendor :STMicroelectronics X-CUBE-DISPLAY 1.0.0
2021-03-08 10:53:09,638 [INFO] ThirdParty:939 - CMSIS Pack Vendor :STMicroelectronics FreeRTOS 0.0.1
2021-03-08 10:53:09,638 [INFO] ThirdParty:939 - CMSIS Pack Vendor :STMicroelectronics USB_DEVICE 1.0.0
2021-03-08 10:53:09,638 [INFO] ThirdParty:939 - CMSIS Pack Vendor :STMicroelectronics X-CUBE-ALGOBUILD 1.2.0
2021-03-08 10:53:09,638 [INFO] ThirdParty:939 - CMSIS Pack Vendor :STMicroelectronics X-CUBE-GNSS1 5.2.0
2021-03-08 10:53:09,638 [INFO] ThirdParty:939 - CMSIS Pack Vendor :STMicroelectronics X-CUBE-BLE1 6.1.0
2021-03-08 10:53:09,638 [INFO] ThirdParty:939 - CMSIS Pack Vendor :STMicroelectronics lwIP 2.0.3
2021-03-08 10:53:09,638 [INFO] ThirdParty:939 - CMSIS Pack Vendor :STMicroelectronics lwIP 2.1.2
2021-03-08 10:53:09,638 [INFO] ThirdParty:939 - CMSIS Pack Vendor :STMicroelectronics USB_HOST 1.0.0
2021-03-08 10:53:09,638 [INFO] ThirdParty:939 - CMSIS Pack Vendor :STMicroelectronics X-CUBE-NFC4 2.0.2
2021-03-08 10:53:09,639 [INFO] ThirdParty:939 - CMSIS Pack Vendor :wolfSSL I-CUBE-wolfSSL 4.7.0
2021-03-08 10:53:09,639 [INFO] ThirdParty:939 - CMSIS Pack Vendor :STMicroelectronics X-CUBE-TOUCHGFX 4.16.1
2021-03-08 10:53:09,639 [INFO] ThirdParty:939 - CMSIS Pack Vendor :STMicroelectronics X-CUBE-AI 5.2.0
2021-03-08 10:53:09,639 [INFO] ThirdParty:939 - CMSIS Pack Vendor :STMicroelectronics PDM2PCM 3.1.0
2021-03-08 10:53:09,639 [INFO] ThirdParty:939 - CMSIS Pack Vendor :STMicroelectronics PDM2PCM 3.2.0
2021-03-08 10:53:09,639 [INFO] ThirdParty:939 - CMSIS Pack Vendor :STMicroelectronics PDM2PCM 3.3.0
2021-03-08 10:53:09,639 [INFO] ThirdParty:939 - CMSIS Pack Vendor :STMicroelectronics X-CUBE-BLE2 3.2.0
2021-03-08 10:53:09,639 [INFO] ThirdParty:757 - exiting critical section [change project]
2021-03-08 10:53:09,890 [INFO] PinOutPanel:1434 - setPackage(No Configuration,No Configuration)
2021-03-08 10:53:09,891 [INFO] PinOutPanel:1434 - setPackage(STM32F303RETx,LQFP64)
2021-03-08 10:53:10,313 [INFO] UtilMem:74 - Before build in PCC Used Memory: 355865440 Bytes (508559360)
2021-03-08 10:53:10,692 [INFO] SharedServices:72 - Folder for power plug-in: C:/Users/ADMIN/.stm32cubemx/plugins/power
2021-03-08 10:53:10,728 [INFO] SharedServices:72 - Folder for power plug-in: C:/Users/ADMIN/.stm32cubemx/plugins/power
2021-03-08 10:53:10,757 [INFO] SharedServices:72 - Folder for power plug-in: C:/Users/ADMIN/.stm32cubemx/plugins/power
2021-03-08 10:53:10,762 [INFO] SharedServices:72 - Folder for power plug-in: C:/Users/ADMIN/.stm32cubemx/plugins/power
2021-03-08 10:53:10,881 [INFO] UtilMem:74 - After build in PCC Used Memory: 413537120 Bytes (508559360)
2021-03-08 10:53:10,899 [INFO] IPUIPlugin:64 - create IPUIPlugin
2021-03-08 10:53:10,900 [INFO] IPUIPlugin:64 - create IPUIPlugin
2021-03-08 10:53:10,900 [INFO] IPUIPlugin:64 - create IPUIPlugin
2021-03-08 10:53:10,900 [INFO] IPUIPlugin:64 - create IPUIPlugin
2021-03-08 10:53:10,900 [INFO] IPUIPlugin:64 - create IPUIPlugin
2021-03-08 10:53:10,900 [INFO] IPUIPlugin:64 - create IPUIPlugin
2021-03-08 10:53:10,900 [INFO] IPUIPlugin:64 - create IPUIPlugin
2021-03-08 10:53:10,900 [INFO] IPUIPlugin:64 - create IPUIPlugin
2021-03-08 10:53:10,900 [INFO] IPUIPlugin:64 - create IPUIPlugin
2021-03-08 10:53:10,900 [INFO] IPUIPlugin:64 - create IPUIPlugin
2021-03-08 10:53:10,900 [INFO] IPUIPlugin:64 - create IPUIPlugin
2021-03-08 10:53:10,901 [INFO] IPUIPlugin:64 - create IPUIPlugin
2021-03-08 10:53:10,901 [INFO] IPUIPlugin:64 - create IPUIPlugin
2021-03-08 10:53:10,901 [INFO] IPUIPlugin:64 - create IPUIPlugin
2021-03-08 10:53:10,901 [INFO] IPUIPlugin:64 - create IPUIPlugin
2021-03-08 10:53:10,901 [INFO] IPUIPlugin:64 - create IPUIPlugin
2021-03-08 10:53:10,901 [INFO] IPUIPlugin:64 - create IPUIPlugin
2021-03-08 10:53:10,901 [INFO] IPUIPlugin:64 - create IPUIPlugin
2021-03-08 10:53:10,902 [INFO] IPUIPlugin:64 - create IPUIPlugin
2021-03-08 10:53:10,902 [INFO] IPUIPlugin:64 - create IPUIPlugin
2021-03-08 10:53:10,902 [INFO] IPUIPlugin:64 - create IPUIPlugin
2021-03-08 10:53:10,902 [INFO] IPUIPlugin:64 - create IPUIPlugin
2021-03-08 10:53:10,902 [INFO] IPUIPlugin:64 - create IPUIPlugin
2021-03-08 10:53:10,902 [INFO] IPUIPlugin:64 - create IPUIPlugin
2021-03-08 10:53:10,903 [INFO] IPUIPlugin:64 - create IPUIPlugin
2021-03-08 10:53:10,903 [INFO] IPUIPlugin:64 - create IPUIPlugin
2021-03-08 10:53:10,903 [INFO] IPUIPlugin:64 - create IPUIPlugin
2021-03-08 10:53:10,903 [INFO] IPUIPlugin:64 - create IPUIPlugin
2021-03-08 10:53:10,903 [INFO] IPUIPlugin:64 - create IPUIPlugin
2021-03-08 10:53:10,903 [INFO] IPUIPlugin:64 - create IPUIPlugin
2021-03-08 10:53:10,904 [INFO] IPUIPlugin:64 - create IPUIPlugin
2021-03-08 10:53:10,904 [INFO] IPUIPlugin:64 - create IPUIPlugin
2021-03-08 10:53:10,904 [INFO] IPUIPlugin:64 - create IPUIPlugin
2021-03-08 10:53:10,904 [INFO] IPUIPlugin:64 - create IPUIPlugin
2021-03-08 10:53:10,905 [INFO] IPUIPlugin:64 - create IPUIPlugin
2021-03-08 10:53:10,905 [INFO] IPUIPlugin:64 - create IPUIPlugin
2021-03-08 10:53:10,905 [INFO] IPUIPlugin:64 - create IPUIPlugin
2021-03-08 10:53:10,905 [INFO] IPUIPlugin:64 - create IPUIPlugin
2021-03-08 10:53:10,905 [INFO] IPUIPlugin:64 - create IPUIPlugin
2021-03-08 10:53:10,905 [INFO] IPUIPlugin:64 - create IPUIPlugin
2021-03-08 10:53:10,905 [INFO] IPUIPlugin:64 - create IPUIPlugin
2021-03-08 10:53:10,905 [INFO] IPUIPlugin:64 - create IPUIPlugin
2021-03-08 10:53:10,906 [INFO] IPUIPlugin:64 - create IPUIPlugin
2021-03-08 10:53:10,906 [INFO] IPUIPlugin:64 - create IPUIPlugin
2021-03-08 10:53:10,906 [INFO] IPUIPlugin:64 - create IPUIPlugin
2021-03-08 10:53:10,906 [INFO] IPUIPlugin:64 - create IPUIPlugin
2021-03-08 10:53:10,907 [INFO] IPUIPlugin:64 - create IPUIPlugin
2021-03-08 10:53:10,907 [INFO] IPUIPlugin:64 - create IPUIPlugin
2021-03-08 10:53:10,907 [INFO] IPUIPlugin:64 - create IPUIPlugin
2021-03-08 10:53:10,908 [INFO] IPUIPlugin:64 - create IPUIPlugin
2021-03-08 10:53:10,908 [INFO] IPUIPlugin:64 - create IPUIPlugin
2021-03-08 10:53:10,908 [INFO] IPUIPlugin:64 - create IPUIPlugin
2021-03-08 10:53:10,909 [INFO] IPUIPlugin:64 - create IPUIPlugin
2021-03-08 10:53:10,909 [INFO] IPUIPlugin:64 - create IPUIPlugin
2021-03-08 10:53:10,909 [INFO] IPUIPlugin:64 - create IPUIPlugin
2021-03-08 10:53:10,910 [INFO] IPUIPlugin:64 - create IPUIPlugin
2021-03-08 10:53:10,934 [INFO] LogOutputStream:76 - [STDOUT_REDIRECT] toolchainItems.length=====1
2021-03-08 10:53:11,038 [INFO] OpenFileManager:294 - Restore cursor
2021-03-08 10:53:11,297 [INFO] UtilMem:74 - End SaveConfig() Used Memory: 407445272 Bytes (508559360)
2021-03-08 10:53:11,432 [INFO] UtilMem:74 - End SaveConfig() Used Memory: 420028184 Bytes (508559360)
2021-03-08 10:53:11,751 [INFO] BlockDiagram:2735 - set Specific Code input for plugin: SYS
2021-03-08 10:53:11,752 [INFO] BlockDiagram:2735 - set Specific Code input for plugin: RCC
2021-03-08 10:53:11,752 [INFO] BlockDiagram:2735 - set Specific Code input for plugin: NVIC
2021-03-08 10:53:11,753 [INFO] CodeGenerator:639 - code generatio: config db path: C:\ST\STM32CubeIDE_1.2.0\STM32CubeIDE\plugins\com.st.stm32cube.common.mx_6.1.1.202012091304\\db\
2021-03-08 10:53:12,123 [INFO] CodeEngine:229 - oldGeneratedFile, E:\Git_TAPIT\TRAINING\STM32\Module01 - TongQuan\Project\OnOff1s\MXTmpFiles\license.tmp_save
2021-03-08 10:53:12,454 [INFO] CodeEngine:247 - Generated code: E:\Git_TAPIT\TRAINING\STM32\Module01 - TongQuan\Project\OnOff1s\MXTmpFiles\license.tmp
2021-03-08 10:53:12,593 [INFO] CodeEngine:229 - oldGeneratedFile, E:\Git_TAPIT\TRAINING\STM32\Module01 - TongQuan\Project\OnOff1s\Core\Src\stm32f3xx_it.c_save
2021-03-08 10:53:12,686 [INFO] CodeEngine:247 - Generated code: E:\Git_TAPIT\TRAINING\STM32\Module01 - TongQuan\Project\OnOff1s\Core\Src\stm32f3xx_it.c
2021-03-08 10:53:12,693 [INFO] CodeEngine:229 - oldGeneratedFile, E:\Git_TAPIT\TRAINING\STM32\Module01 - TongQuan\Project\OnOff1s\Core\Inc\stm32f3xx_it.h_save
2021-03-08 10:53:12,771 [INFO] CodeEngine:247 - Generated code: E:\Git_TAPIT\TRAINING\STM32\Module01 - TongQuan\Project\OnOff1s\Core\Inc\stm32f3xx_it.h
2021-03-08 10:53:12,809 [INFO] CodeEngine:229 - oldGeneratedFile, E:\Git_TAPIT\TRAINING\STM32\Module01 - TongQuan\Project\OnOff1s\Core\Src\stm32f3xx_hal_msp.c_save
2021-03-08 10:53:12,892 [INFO] CodeEngine:247 - Generated code: E:\Git_TAPIT\TRAINING\STM32\Module01 - TongQuan\Project\OnOff1s\Core\Src\stm32f3xx_hal_msp.c
2021-03-08 10:53:12,900 [INFO] CodeEngine:229 - oldGeneratedFile, E:\Git_TAPIT\TRAINING\STM32\Module01 - TongQuan\Project\OnOff1s\MXTmpFiles\system.tmp_save
2021-03-08 10:53:12,958 [INFO] CodeEngine:247 - Generated code: E:\Git_TAPIT\TRAINING\STM32\Module01 - TongQuan\Project\OnOff1s\MXTmpFiles\system.tmp
2021-03-08 10:53:12,991 [INFO] CodeEngine:229 - oldGeneratedFile, E:\Git_TAPIT\TRAINING\STM32\Module01 - TongQuan\Project\OnOff1s\Core\Inc\stm32f3xx_hal_conf.h_save
2021-03-08 10:53:13,060 [INFO] CodeEngine:247 - Generated code: E:\Git_TAPIT\TRAINING\STM32\Module01 - TongQuan\Project\OnOff1s\Core\Inc\stm32f3xx_hal_conf.h
2021-03-08 10:53:13,134 [INFO] CodeEngine:229 - oldGeneratedFile, E:\Git_TAPIT\TRAINING\STM32\Module01 - TongQuan\Project\OnOff1s\Core\Inc\main.h_save
2021-03-08 10:53:13,229 [INFO] CodeEngine:247 - Generated code: E:\Git_TAPIT\TRAINING\STM32\Module01 - TongQuan\Project\OnOff1s\Core\Inc\main.h
2021-03-08 10:53:13,242 [INFO] CodeEngine:229 - oldGeneratedFile, E:\Git_TAPIT\TRAINING\STM32\Module01 - TongQuan\Project\OnOff1s\Core\Src\main.c_save
2021-03-08 10:53:13,330 [INFO] CodeEngine:247 - Generated code: E:\Git_TAPIT\TRAINING\STM32\Module01 - TongQuan\Project\OnOff1s\Core\Src\main.c
2021-03-08 10:53:14,331 [INFO] ProjectBuilder:2328 - Time for Copy HAL[1] : 434mS.
2021-03-08 10:53:14,336 [INFO] ProjectBuilder:3259 - Project Generator version: 3.11.2
2021-03-08 10:53:14,683 [INFO] ConfigFileManager:1238 - The Die is : DIE446
2021-03-08 10:53:14,846 [INFO] ApiDbMcu:456 - Load IP Config File for FATFS
2021-03-08 10:53:14,890 [INFO] ApiDbMcu:456 - Load IP Config File for FREERTOS
2021-03-08 10:53:14,982 [INFO] ApiDbMcu:456 - Load IP Config File for TOUCHSENSING
2021-03-08 10:53:15,034 [INFO] ApiDbMcu:456 - Load IP Config File for USB_DEVICE
2021-03-08 10:53:19,854 [INFO] ProjectBuilder:3425 - Time for Generating toolchain IDE Files: 5518mS.
2021-03-08 10:53:19,855 [INFO] ProjectBuilder:2207 - Time for Copy CMSIS : 1mS.
2021-03-08 10:53:19,856 [INFO] ProjectBuilder:2207 - Time for Copy CMSIS : 0mS.
2021-03-08 10:53:20,438 [INFO] ApiDb:263 - Save user favorites file C:\Users\ADMIN/.stm32cubeide/favorites.mcus.txt: 0 item(s)
2021-03-08 10:53:20,439 [INFO] ApiDb:267 - User favorites MCUs=[]
2021-03-08 11:04:27,179 [INFO] UtilMem:74 - End SaveConfig() Used Memory: 539110336 Bytes (999292928)
2021-03-08 11:04:29,949 [INFO] UtilMem:74 - End SaveConfig() Used Memory: 704081160 Bytes (999292928)
2021-03-08 11:04:30,148 [INFO] BlockDiagram:2735 - set Specific Code input for plugin: SYS
2021-03-08 11:04:30,148 [INFO] BlockDiagram:2735 - set Specific Code input for plugin: RCC
2021-03-08 11:04:30,148 [INFO] BlockDiagram:2735 - set Specific Code input for plugin: NVIC
2021-03-08 11:04:30,149 [INFO] BlockDiagram:2735 - set Specific Code input for plugin: GPIO
2021-03-08 11:04:30,149 [INFO] CodeGenerator:639 - code generatio: config db path: C:\ST\STM32CubeIDE_1.2.0\STM32CubeIDE\plugins\com.st.stm32cube.common.mx_6.1.1.202012091304\\db\
2021-03-08 11:04:30,400 [INFO] CodeEngine:229 - oldGeneratedFile, E:\Git_TAPIT\TRAINING\STM32\Module01 - TongQuan\Project\OnOff1s\MXTmpFiles\license.tmp_save
2021-03-08 11:04:30,441 [INFO] CodeEngine:247 - Generated code: E:\Git_TAPIT\TRAINING\STM32\Module01 - TongQuan\Project\OnOff1s\MXTmpFiles\license.tmp
2021-03-08 11:04:30,494 [INFO] CodeEngine:229 - oldGeneratedFile, E:\Git_TAPIT\TRAINING\STM32\Module01 - TongQuan\Project\OnOff1s\MXTmpFiles\gpio.tmp_save
2021-03-08 11:04:30,541 [INFO] CodeEngine:247 - Generated code: E:\Git_TAPIT\TRAINING\STM32\Module01 - TongQuan\Project\OnOff1s\MXTmpFiles\gpio.tmp
2021-03-08 11:04:30,582 [INFO] CodeEngine:229 - oldGeneratedFile, E:\Git_TAPIT\TRAINING\STM32\Module01 - TongQuan\Project\OnOff1s\Core\Src\stm32f3xx_it.c_save
2021-03-08 11:04:30,646 [INFO] CodeEngine:247 - Generated code: E:\Git_TAPIT\TRAINING\STM32\Module01 - TongQuan\Project\OnOff1s\Core\Src\stm32f3xx_it.c
2021-03-08 11:04:30,655 [INFO] CodeEngine:229 - oldGeneratedFile, E:\Git_TAPIT\TRAINING\STM32\Module01 - TongQuan\Project\OnOff1s\Core\Inc\stm32f3xx_it.h_save
2021-03-08 11:04:30,700 [INFO] CodeEngine:247 - Generated code: E:\Git_TAPIT\TRAINING\STM32\Module01 - TongQuan\Project\OnOff1s\Core\Inc\stm32f3xx_it.h
2021-03-08 11:04:30,730 [INFO] CodeEngine:229 - oldGeneratedFile, E:\Git_TAPIT\TRAINING\STM32\Module01 - TongQuan\Project\OnOff1s\Core\Src\stm32f3xx_hal_msp.c_save
2021-03-08 11:04:30,799 [INFO] CodeEngine:247 - Generated code: E:\Git_TAPIT\TRAINING\STM32\Module01 - TongQuan\Project\OnOff1s\Core\Src\stm32f3xx_hal_msp.c
2021-03-08 11:04:30,802 [INFO] CodeEngine:229 - oldGeneratedFile, E:\Git_TAPIT\TRAINING\STM32\Module01 - TongQuan\Project\OnOff1s\MXTmpFiles\system.tmp_save
2021-03-08 11:04:30,840 [INFO] CodeEngine:247 - Generated code: E:\Git_TAPIT\TRAINING\STM32\Module01 - TongQuan\Project\OnOff1s\MXTmpFiles\system.tmp
2021-03-08 11:04:30,870 [INFO] CodeEngine:229 - oldGeneratedFile, E:\Git_TAPIT\TRAINING\STM32\Module01 - TongQuan\Project\OnOff1s\Core\Inc\stm32f3xx_hal_conf.h_save
2021-03-08 11:04:30,937 [INFO] CodeEngine:247 - Generated code: E:\Git_TAPIT\TRAINING\STM32\Module01 - TongQuan\Project\OnOff1s\Core\Inc\stm32f3xx_hal_conf.h
2021-03-08 11:04:30,988 [INFO] CodeEngine:229 - oldGeneratedFile, E:\Git_TAPIT\TRAINING\STM32\Module01 - TongQuan\Project\OnOff1s\Core\Inc\main.h_save
2021-03-08 11:04:31,051 [INFO] CodeEngine:247 - Generated code: E:\Git_TAPIT\TRAINING\STM32\Module01 - TongQuan\Project\OnOff1s\Core\Inc\main.h
2021-03-08 11:04:31,065 [INFO] CodeEngine:229 - oldGeneratedFile, E:\Git_TAPIT\TRAINING\STM32\Module01 - TongQuan\Project\OnOff1s\Core\Src\main.c_save
2021-03-08 11:04:31,142 [INFO] CodeEngine:247 - Generated code: E:\Git_TAPIT\TRAINING\STM32\Module01 - TongQuan\Project\OnOff1s\Core\Src\main.c
2021-03-08 11:04:31,557 [INFO] ProjectBuilder:2328 - Time for Copy HAL[1] : 92mS.
2021-03-08 11:04:31,559 [INFO] ProjectBuilder:3259 - Project Generator version: 3.11.2
2021-03-08 11:04:31,933 [INFO] ConfigFileManager:1238 - The Die is : DIE446
2021-03-08 11:04:33,339 [INFO] ProjectBuilder:3425 - Time for Generating toolchain IDE Files: 1780mS.
2021-03-08 11:04:33,340 [INFO] ProjectBuilder:2207 - Time for Copy CMSIS : 1mS.
2021-03-08 11:04:33,391 [INFO] ProjectBuilder:2207 - Time for Copy CMSIS : 0mS.
2021-03-08 17:18:41,088 [INFO] Activator:170 - 


2021-03-08 17:18:41,091 [INFO] Activator:171 - !SESSION log4j initialized
2021-03-08 17:19:23,199 [INFO] RetryExec:97 - I/O exception (org.apache.http.NoHttpResponseException) caught when processing request to {}->http://sw-center.st.com:80: The target server failed to respond
2021-03-08 17:19:23,201 [INFO] RetryExec:113 - Retrying request to {}->http://sw-center.st.com:80
2021-03-08 17:19:24,513 [INFO] RetryExec:97 - I/O exception (org.apache.http.NoHttpResponseException) caught when processing request to {}->http://sw-center.st.com:80: The target server failed to respond
2021-03-08 17:19:24,515 [INFO] RetryExec:113 - Retrying request to {}->http://sw-center.st.com:80
